========================================================================
Device utilization summary:
---------------------------

Selected Device : 6slx150fgg484-3 


Slice Logic Utilization: 
 Number of Slice Registers:           34174  out of  184304    18%  
 Number of Slice LUTs:                37230  out of  92152    40%  
    Number used as Logic:             31130  out of  92152    33%  
    Number used as Memory:             6100  out of  21680    28%  
       Number used as RAM:             1560
       Number used as SRL:             4540

Slice Logic Distribution: 
 Number of LUT Flip Flop pairs used:  50516
   Number with an unused Flip Flop:   16342  out of  50516    32%  
   Number with an unused LUT:         13286  out of  50516    26%  
   Number of fully used LUT-FF pairs: 20888  out of  50516    41%  
   Number of unique control sets:       809

IO Utilization: 
 Number of IOs:                         180
 Number of bonded IOBs:                 152  out of    338    44%  
    IOB Flip Flops/Latches:             174

Specific Feature Utilization:
 Number of Block RAM/FIFO:              190  out of    268    70%  
    Number using Block RAM only:        190
 Number of BUFG/BUFGCTRLs:                4  out of     16    25%  
 Number of DSP48A1s:                    152  out of    180    84%  

========================================================================
Timing Summary:

All constraints were met.
========================================================================
